<?xml version="1.0" encoding="UTF-8"?>
<testng-results skipped="0" failed="0" ignored="0" total="0" passed="0">
  <reporter-output>
  </reporter-output>
  <suite name="Surefire suite" duration-ms="30752" started-at="2021-08-10T15:47:49 COT" finished-at="2021-08-10T15:48:20 COT">
    <groups>
    </groups>
    <test name="Surefire test" duration-ms="30752" started-at="2021-08-10T15:47:49 COT" finished-at="2021-08-10T15:48:20 COT">
    </test> <!-- Surefire test -->
  </suite> <!-- Surefire suite -->
</testng-results>
