<?xml version="1.0" encoding="UTF-8"?>
<testng-results skipped="0" failed="0" ignored="0" total="0" passed="0">
  <reporter-output>
  </reporter-output>
  <suite name="Surefire suite" duration-ms="47222" started-at="2021-08-12T18:02:58 COT" finished-at="2021-08-12T18:03:45 COT">
    <groups>
    </groups>
    <test name="Surefire test" duration-ms="47222" started-at="2021-08-12T18:02:58 COT" finished-at="2021-08-12T18:03:45 COT">
    </test> <!-- Surefire test -->
  </suite> <!-- Surefire suite -->
</testng-results>
